<?xml version="1.0" encoding="UTF-8"?>
<!-- Generated by org.testng.reporters.JUnitReportReporter -->
<testsuite skipped="0" hostname="PRFT-13388" name="HomePageTest" tests="4" failures="0" timestamp="14 May 2019 15:41:16 GMT" time="40.035" errors="0">
  <testcase name="verifyHomePageTitleTest" time="9.888" classname="HomePageTest"/>
  <testcase name="verifyusernamelabel" time="8.375" classname="HomePageTest"/>
  <testcase name="verifycontactlink" time="10.103" classname="HomePageTest"/>
  <testcase name="testGetTextFromDropDown" time="11.669" classname="HomePageTest"/>
</testsuite> <!-- HomePageTest -->
