<?xml version="1.0" encoding="UTF-8"?>
<!-- Generated by org.testng.reporters.JUnitReportReporter -->
<testsuite skipped="0" hostname="PRFT-13388" name="YahooTest" tests="3" failures="0" timestamp="08 May 2019 14:09:55 GMT" time="24.654" errors="0">
  <testcase name="PoliticsHeaderTest" time="9.650" classname="YahooTest"/>
  <testcase name="FinanceHeaderTest" time="7.774" classname="YahooTest"/>
  <testcase name="NewHeaderTest" time="7.230" classname="YahooTest"/>
</testsuite> <!-- YahooTest -->
