<?xml version="1.0" encoding="UTF-8"?>
<!-- Generated by org.testng.reporters.JUnitReportReporter -->
<testsuite skipped="0" hostname="PRFT-13388" name="MessagePageTest" tests="1" failures="0" timestamp="13 May 2019 20:56:34 GMT" time="16.278" errors="0">
  <testcase name="verifymessage" time="16.278" classname="MessagePageTest"/>
</testsuite> <!-- MessagePageTest -->
