<?xml version="1.0" encoding="UTF-8"?>
<!-- Generated by org.testng.reporters.JUnitReportReporter -->
<testsuite skipped="0" hostname="PRFT-13388" name="DealsPageTest" tests="1" failures="0" timestamp="09 May 2019 15:57:05 GMT" time="11.788" errors="0">
  <testcase name="dealaLabelTest" time="11.788" classname="DealsPageTest"/>
</testsuite> <!-- DealsPageTest -->
