<?xml version="1.0" encoding="UTF-8"?>
<!-- Generated by org.testng.reporters.JUnitReportReporter -->
<testsuite skipped="0" hostname="PRFT-13388" name="SigninPageTest" tests="2" failures="0" timestamp="08 May 2019 18:26:22 GMT" time="16.529" errors="0">
  <testcase name="SigninTest" time="8.964" classname="SigninPageTest"/>
  <testcase name="SigninPageTitleTest" time="7.565" classname="SigninPageTest"/>
</testsuite> <!-- SigninPageTest -->
