<?xml version="1.0" encoding="UTF-8"?>
<!-- Generated by org.testng.reporters.JUnitReportReporter -->
<testsuite skipped="0" hostname="PRFT-13388" name="HomePageTest" tests="6" failures="0" timestamp="16 May 2019 15:06:56 GMT" time="61.856" errors="0">
  <testcase name="verifyHomePageTitleTest" time="8.076" classname="HomePageTest"/>
  <testcase name="verifyusernamelabel" time="7.787" classname="HomePageTest"/>
  <testcase name="verifycontactlink" time="11.237" classname="HomePageTest"/>
  <testcase name="testGetTextFromDropDown" time="12.042" classname="HomePageTest"/>
  <testcase name="verifyDropDownValues" time="12.037" classname="HomePageTest"/>
  <testcase name="OpenNewEbayTest" time="10.677" classname="HomePageTest"/>
</testsuite> <!-- HomePageTest -->
